# JRE version: Java(TM) SE Runtime Environment (8.0_31-b13) (build 1.8.0_31-b13)
# Java VM: Java HotSpot(TM) 64-Bit Server VM (25.31-b07 mixed mode bsd-amd64 compressed oops)
Heap:
 PSYoungGen      total 1184256K, used 826497K [0x000000076ab00000, 0x00000007c0000000, 0x00000007c0000000)
  eden space 1009664K, 67% used [0x000000076ab00000,0x00000007944c6bb0,0x00000007a8500000)
  from space 174592K, 82% used [0x00000007b5580000,0x00000007be2d99f8,0x00000007c0000000)
  to   space 194048K, 0% used [0x00000007a8500000,0x00000007a8500000,0x00000007b4280000)
 ParOldGen       total 1268224K, used 958314K [0x00000006c0000000, 0x000000070d680000, 0x000000076ab00000)
  object space 1268224K, 75% used [0x00000006c0000000,0x00000006fa7da8e8,0x000000070d680000)
 Metaspace       used 30582K, capacity 30802K, committed 31104K, reserved 1077248K
  class space    used 3044K, capacity 3110K, committed 3200K, reserved 1048576K
GC Heap History (10 events):
Event: 96.498 GC heap before
{Heap before GC invocations=21 (full 4):
 PSYoungGen      total 1028608K, used 989247K [0x000000076ab00000, 0x00000007b3500000, 0x00000007c0000000)
  eden space 927744K, 100% used [0x000000076ab00000,0x00000007a3500000,0x00000007a3500000)
  from space 100864K, 60% used [0x00000007ad280000,0x00000007b0e8fe80,0x00000007b3500000)
  to   space 131072K, 0% used [0x00000007a3500000,0x00000007a3500000,0x00000007ab500000)
 ParOldGen       total 846336K, used 560066K [0x00000006c0000000, 0x00000006f3a80000, 0x000000076ab00000)
  object space 846336K, 66% used [0x00000006c0000000,0x00000006e22f0b28,0x00000006f3a80000)
 Metaspace       used 30452K, capacity 30732K, committed 31104K, reserved 1077248K
  class space    used 3039K, capacity 3109K, committed 3200K, reserved 1048576K
Event: 96.611 GC heap after
Heap after GC invocations=21 (full 4):
 PSYoungGen      total 1058816K, used 130384K [0x000000076ab00000, 0x00000007c0000000, 0x00000007c0000000)
  eden space 927744K, 0% used [0x000000076ab00000,0x000000076ab00000,0x00000007a3500000)
  from space 131072K, 99% used [0x00000007a3500000,0x00000007ab4543f0,0x00000007ab500000)
  to   space 153088K, 0% used [0x00000007b6a80000,0x00000007b6a80000,0x00000007c0000000)
 ParOldGen       total 846336K, used 668379K [0x00000006c0000000, 0x00000006f3a80000, 0x000000076ab00000)
  object space 846336K, 78% used [0x00000006c0000000,0x00000006e8cb6f08,0x00000006f3a80000)
 Metaspace       used 30452K, capacity 30732K, committed 31104K, reserved 1077248K
  class space    used 3039K, capacity 3109K, committed 3200K, reserved 1048576K
}
Event: 106.767 GC heap before
{Heap before GC invocations=22 (full 4):
 PSYoungGen      total 1058816K, used 1058128K [0x000000076ab00000, 0x00000007c0000000, 0x00000007c0000000)
  eden space 927744K, 100% used [0x000000076ab00000,0x00000007a3500000,0x00000007a3500000)
  from space 131072K, 99% used [0x00000007a3500000,0x00000007ab4543f0,0x00000007ab500000)
  to   space 153088K, 0% used [0x00000007b6a80000,0x00000007b6a80000,0x00000007c0000000)
 ParOldGen       total 846336K, used 668380K [0x00000006c0000000, 0x00000006f3a80000, 0x000000076ab00000)
  object space 846336K, 78% used [0x00000006c0000000,0x00000006e8cb71b8,0x00000006f3a80000)
 Metaspace       used 30485K, capacity 30732K, committed 31104K, reserved 1077248K
  class space    used 3039K, capacity 3109K, committed 3200K, reserved 1048576K
Event: 106.882 GC heap after
Heap after GC invocations=22 (full 4):
 PSYoungGen      total 1192448K, used 152913K [0x000000076ab00000, 0x00000007c0000000, 0x00000007c0000000)
  eden space 1039360K, 0% used [0x000000076ab00000,0x000000076ab00000,0x00000007aa200000)
  from space 153088K, 99% used [0x00000007b6a80000,0x00000007bffd47f0,0x00000007c0000000)
  to   space 179200K, 0% used [0x00000007aa200000,0x00000007aa200000,0x00000007b5100000)
 ParOldGen       total 846336K, used 836881K [0x00000006c0000000, 0x00000006f3a80000, 0x000000076ab00000)
  object space 846336K, 98% used [0x00000006c0000000,0x00000006f3144468,0x00000006f3a80000)
 Metaspace       used 30485K, capacity 30732K, committed 31104K, reserved 1077248K
  class space    used 3039K, capacity 3109K, committed 3200K, reserved 1048576K
}
Event: 106.882 GC heap before
{Heap before GC invocations=23 (full 5):
 PSYoungGen      total 1192448K, used 152913K [0x000000076ab00000, 0x00000007c0000000, 0x00000007c0000000)
  eden space 1039360K, 0% used [0x000000076ab00000,0x000000076ab00000,0x00000007aa200000)
  from space 153088K, 99% used [0x00000007b6a80000,0x00000007bffd47f0,0x00000007c0000000)
  to   space 179200K, 0% used [0x00000007aa200000,0x00000007aa200000,0x00000007b5100000)
 ParOldGen       total 846336K, used 836881K [0x00000006c0000000, 0x00000006f3a80000, 0x000000076ab00000)
  object space 846336K, 98% used [0x00000006c0000000,0x00000006f3144468,0x00000006f3a80000)
 Metaspace       used 30485K, capacity 30732K, committed 31104K, reserved 1077248K
  class space    used 3039K, capacity 3109K, committed 3200K, reserved 1048576K
Event: 107.152 GC heap after
Heap after GC invocations=23 (full 5):
 PSYoungGen      total 1192448K, used 85346K [0x000000076ab00000, 0x00000007c0000000, 0x00000007c0000000)
  eden space 1039360K, 0% used [0x000000076ab00000,0x000000076ab00000,0x00000007aa200000)
  from space 153088K, 55% used [0x00000007b6a80000,0x00000007bbdd8838,0x00000007c0000000)
  to   space 179200K, 0% used [0x00000007aa200000,0x00000007aa200000,0x00000007b5100000)
 ParOldGen       total 1268224K, used 845893K [0x00000006c0000000, 0x000000070d680000, 0x000000076ab00000)
  object space 1268224K, 66% used [0x00000006c0000000,0x00000006f3a11668,0x000000070d680000)
 Metaspace       used 30485K, capacity 30732K, committed 31104K, reserved 1077248K
  class space    used 3039K, capacity 3109K, committed 3200K, reserved 1048576K
}
Event: 149.077 GC heap before
{Heap before GC invocations=24 (full 5):
 PSYoungGen      total 1192448K, used 1124706K [0x000000076ab00000, 0x00000007c0000000, 0x00000007c0000000)
  eden space 1039360K, 100% used [0x000000076ab00000,0x00000007aa200000,0x00000007aa200000)
  from space 153088K, 55% used [0x00000007b6a80000,0x00000007bbdd8838,0x00000007c0000000)
  to   space 179200K, 0% used [0x00000007aa200000,0x00000007aa200000,0x00000007b5100000)
 ParOldGen       total 1268224K, used 845896K [0x00000006c0000000, 0x000000070d680000, 0x000000076ab00000)
  object space 1268224K, 66% used [0x00000006c0000000,0x00000006f3a122b8,0x000000070d680000)
 Metaspace       used 30529K, capacity 30796K, committed 31104K, reserved 1077248K
  class space    used 3040K, capacity 3109K, committed 3200K, reserved 1048576K
Event: 149.131 GC heap after
Heap after GC invocations=24 (full 5):
 PSYoungGen      total 1218560K, used 27384K [0x000000076ab00000, 0x00000007c0000000, 0x00000007c0000000)
  eden space 1039360K, 0% used [0x000000076ab00000,0x000000076ab00000,0x00000007aa200000)
  from space 179200K, 15% used [0x00000007aa200000,0x00000007abcbe308,0x00000007b5100000)
  to   space 174592K, 0% used [0x00000007b5580000,0x00000007b5580000,0x00000007c0000000)
 ParOldGen       total 1268224K, used 931225K [0x00000006c0000000, 0x000000070d680000, 0x000000076ab00000)
  object space 1268224K, 73% used [0x00000006c0000000,0x00000006f8d66728,0x000000070d680000)
 Metaspace       used 30529K, capacity 30796K, committed 31104K, reserved 1077248K
  class space    used 3040K, capacity 3109K, committed 3200K, reserved 1048576K
}
Event: 220.689 GC heap before
{Heap before GC invocations=25 (full 5):
 PSYoungGen      total 1218560K, used 1066744K [0x000000076ab00000, 0x00000007c0000000, 0x00000007c0000000)
  eden space 1039360K, 100% used [0x000000076ab00000,0x00000007aa200000,0x00000007aa200000)
  from space 179200K, 15% used [0x00000007aa200000,0x00000007abcbe308,0x00000007b5100000)
  to   space 174592K, 0% used [0x00000007b5580000,0x00000007b5580000,0x00000007c0000000)
 ParOldGen       total 1268224K, used 931225K [0x00000006c0000000, 0x000000070d680000, 0x000000076ab00000)
  object space 1268224K, 73% used [0x00000006c0000000,0x00000006f8d66728,0x000000070d680000)
 Metaspace       used 30547K, capacity 30796K, committed 31104K, reserved 1077248K
  class space    used 3040K, capacity 3109K, committed 3200K, reserved 1048576K
Event: 220.777 GC heap after
Heap after GC invocations=25 (full 5):
 PSYoungGen      total 1184256K, used 144742K [0x000000076ab00000, 0x00000007c0000000, 0x00000007c0000000)
  eden space 1009664K, 0% used [0x000000076ab00000,0x000000076ab00000,0x00000007a8500000)
  from space 174592K, 82% used [0x00000007b5580000,0x00000007be2d99f8,0x00000007c0000000)
  to   space 194048K, 0% used [0x00000007a8500000,0x00000007a8500000,0x00000007b4280000)
 ParOldGen       total 1268224K, used 958314K [0x00000006c0000000, 0x000000070d680000, 0x000000076ab00000)
  object space 1268224K, 75% used [0x00000006c0000000,0x00000006fa7da8e8,0x000000070d680000)
 Metaspace       used 30547K, capacity 30796K, committed 31104K, reserved 1077248K
  class space    used 3040K, capacity 3109K, committed 3200K, reserved 1048576K
}

